$ helm install full-coral ./gettingstarted
NAME: full-coral
LAST DEPLOYED: Sun Oct 29 12:59:56 2023
NAMESPACE: default
STATUS: deployed
REVISION: 1
TEST SUITE: None

$ helm get manifest full-coral
---
# Source: gettingstarted/templates/configmap.yaml
apiVersion: v1
kind: ConfigMap
metadata:
  name: gettingstarted-configmap
data:
  myvalue: "Hello World!"

$ helm uninstall full-coral
release "full-coral" uninstalled

╰─$ helm install clunky-serval ./gettingstarted
NAME: clunky-serval
LAST DEPLOYED: Thu Nov  2 09:23:20 2023
NAMESPACE: default
STATUS: deployed
REVISION: 1
TEST SUITE: None

╰─$ helm get manifest clunky-serval                   1 ↵
---
# Source: gettingstarted/templates/configmap.yaml
apiVersion: v1
kind: ConfigMap
metadata:
  name: clunky-serval-configmap
data:
  myvalue: "Hello World!"

╰─$ helm install --debug --dry-run clunky-serval ./gettingstarted
install.go:214: [debug] Original chart version: ""
install.go:231: [debug] CHART PATH: /..(omit)../github.com/hgsgtk/helm-snippets/gettingstarted

NAME: clunky-serval
LAST DEPLOYED: Thu Nov  2 09:24:58 2023
NAMESPACE: default
STATUS: pending-install
REVISION: 1
TEST SUITE: None
USER-SUPPLIED VALUES:
{}

COMPUTED VALUES:
affinity: {}
autoscaling:
  enabled: false
  maxReplicas: 100
  minReplicas: 1
  targetCPUUtilizationPercentage: 80
fullnameOverride: ""
image:
  pullPolicy: IfNotPresent
  repository: nginx
  tag: ""
imagePullSecrets: []
ingress:
  annotations: {}
  className: ""
  enabled: false
  hosts:
  - host: chart-example.local
    paths:
    - path: /
      pathType: ImplementationSpecific
  tls: []
nameOverride: ""
nodeSelector: {}
podAnnotations: {}
podLabels: {}
podSecurityContext: {}
replicaCount: 1
resources: {}
securityContext: {}
service:
  port: 80
  type: ClusterIP
serviceAccount:
  annotations: {}
  automount: true
  create: true
  name: ""
tolerations: []
volumeMounts: []
volumes: []

HOOKS:
MANIFEST:
---
# Source: gettingstarted/templates/configmap.yaml
apiVersion: v1
kind: ConfigMap
metadata:
  name: clunky-serval-configmap
data:
  myvalue: "Hello World!"
